<?xml version="1.0" encoding="UTF-8"?>
<!-- Generated by org.testng.reporters.JUnitReportReporter -->
<testsuite hostname="DESKTOP-1JNC64G" failures="0" tests="2" name="RahulShettyTraining.MavenJava.SeleniumTest" time="0.135" errors="0" timestamp="2022-01-21T16:14:51 IST" skipped="0">
  <testcase classname="RahulShettyTraining.MavenJava.SeleniumTest" name="browserAutomation" time="0.132"/>
  <system-out/>
  <testcase classname="RahulShettyTraining.MavenJava.SeleniumTest" name="elementsUI" time="0.003"/>
  <system-out/>
</testsuite> <!-- RahulShettyTraining.MavenJava.SeleniumTest -->
