<?xml version="1.0" encoding="UTF-8"?>
<!-- Generated by org.testng.reporters.JUnitReportReporter -->
<testsuite hostname="DESKTOP-1JNC64G" failures="0" tests="2" name="RahulShettyTraining.MavenJava.RestAPITest" time="0.011" errors="0" timestamp="2022-01-21T16:14:50 IST" skipped="0">
  <testcase classname="RahulShettyTraining.MavenJava.RestAPITest" name="postJIRA" time="0.005"/>
  <system-out/>
  <testcase classname="RahulShettyTraining.MavenJava.RestAPITest" name="deleteTwitter" time="0.006"/>
  <system-out/>
</testsuite> <!-- RahulShettyTraining.MavenJava.RestAPITest -->
