<?xml version="1.0" encoding="UTF-8"?>
<!-- Generated by org.testng.reporters.JUnitReportReporter -->
<testsuite hostname="DESKTOP-1JNC64G" failures="0" tests="2" name="RahulShettyTraining.MavenJava.AppiumTest" time="0.040" errors="0" timestamp="2022-01-21T16:14:51 IST" skipped="0">
  <testcase classname="RahulShettyTraining.MavenJava.AppiumTest" name="IOSApps" time="0.005"/>
  <system-out/>
  <testcase classname="RahulShettyTraining.MavenJava.AppiumTest" name="NativeAppAndroid" time="0.035"/>
  <system-out/>
</testsuite> <!-- RahulShettyTraining.MavenJava.AppiumTest -->
