<?xml version="1.0" encoding="UTF-8"?>
<!-- Generated by org.testng.reporters.JUnitReportReporter -->
<testsuite skipped="0" hostname="DESKTOP-1JNC64G" name="RahulShettyTraining.MavenJava.SeleniumTest" tests="2" failures="0" timestamp="2022-01-24T23:08:49 IST" time="0.009" errors="0">
  <testcase name="elementsUI" time="0.002" classname="RahulShettyTraining.MavenJava.SeleniumTest"/>
  <system-out/>
  <testcase name="browserAutomation" time="0.007" classname="RahulShettyTraining.MavenJava.SeleniumTest"/>
  <system-out/>
</testsuite> <!-- RahulShettyTraining.MavenJava.SeleniumTest -->
