<?xml version="1.0" encoding="UTF-8"?>
<!-- Generated by org.testng.reporters.JUnitReportReporter -->
<testsuite skipped="0" hostname="DESKTOP-1JNC64G" name="RahulShettyTraining.MavenJava.RestAPITest" tests="2" failures="0" timestamp="2022-01-24T23:08:49 IST" time="0.003" errors="0">
  <testcase name="postJIRA" time="0.001" classname="RahulShettyTraining.MavenJava.RestAPITest"/>
  <system-out/>
  <testcase name="deleteTwitter" time="0.002" classname="RahulShettyTraining.MavenJava.RestAPITest"/>
  <system-out/>
</testsuite> <!-- RahulShettyTraining.MavenJava.RestAPITest -->
