<?xml version="1.0" encoding="UTF-8"?>
<!-- Generated by org.testng.reporters.JUnitReportReporter -->
<testsuite skipped="0" hostname="DESKTOP-1JNC64G" name="RahulShettyTraining.MavenJava.AppiumTest" tests="2" failures="0" timestamp="2022-01-24T23:08:49 IST" time="0.003" errors="0">
  <testcase name="IOSApps" time="0.000" classname="RahulShettyTraining.MavenJava.AppiumTest"/>
  <system-out/>
  <testcase name="NativeAppAndroid" time="0.003" classname="RahulShettyTraining.MavenJava.AppiumTest"/>
  <system-out/>
</testsuite> <!-- RahulShettyTraining.MavenJava.AppiumTest -->
